running egg_info
writing build/person_detection_temi/person_detection_temi.egg-info/PKG-INFO
writing dependency_links to build/person_detection_temi/person_detection_temi.egg-info/dependency_links.txt
writing entry points to build/person_detection_temi/person_detection_temi.egg-info/entry_points.txt
writing requirements to build/person_detection_temi/person_detection_temi.egg-info/requires.txt
writing top-level names to build/person_detection_temi/person_detection_temi.egg-info/top_level.txt
writing manifest file 'build/person_detection_temi/person_detection_temi.egg-info/SOURCES.txt'
running build
running build_py
copying person_detection_temi/submodules/SOD.py -> /home/enrique/vision_ws/src/person_detection_temi/build/person_detection_temi/build/lib/person_detection_temi/submodules
running install
running install_lib
copying /home/enrique/vision_ws/src/person_detection_temi/build/person_detection_temi/build/lib/person_detection_temi/submodules/SOD.py -> /home/enrique/vision_ws/src/person_detection_temi/install/person_detection_temi/lib/python3.10/site-packages/person_detection_temi/submodules
byte-compiling /home/enrique/vision_ws/src/person_detection_temi/install/person_detection_temi/lib/python3.10/site-packages/person_detection_temi/submodules/SOD.py to SOD.cpython-310.pyc
running install_data
running install_egg_info
removing '/home/enrique/vision_ws/src/person_detection_temi/install/person_detection_temi/lib/python3.10/site-packages/person_detection_temi-0.0.0-py3.10.egg-info' (and everything under it)
Copying build/person_detection_temi/person_detection_temi.egg-info to /home/enrique/vision_ws/src/person_detection_temi/install/person_detection_temi/lib/python3.10/site-packages/person_detection_temi-0.0.0-py3.10.egg-info
running install_scripts
Installing person_detection_node script to /home/enrique/vision_ws/src/person_detection_temi/install/person_detection_temi/lib/person_detection_temi
writing list of installed files to '/home/enrique/vision_ws/src/person_detection_temi/build/person_detection_temi/install.log'
