[1.690s] Invoking command in '/home/enrique/vision_ws/src/person_detection_temi': PYTHONPATH=/home/enrique/vision_ws/src/person_detection_temi/build/person_detection_temi/prefix_override:/usr/lib/python3/dist-packages/colcon_core/task/python/colcon_distutils_commands:/home/enrique/vision_ws/src/person_detection_temi/install/person_detection_temi/lib/python3.10/site-packages:${PYTHONPATH} /usr/bin/python3 -W ignore:setup.py install is deprecated setup.py egg_info --egg-base build/person_detection_temi build --build-base /home/enrique/vision_ws/src/person_detection_temi/build/person_detection_temi/build install --record /home/enrique/vision_ws/src/person_detection_temi/build/person_detection_temi/install.log --single-version-externally-managed install_data
[2.432s] running egg_info
[2.480s] writing build/person_detection_temi/person_detection_temi.egg-info/PKG-INFO
[2.510s] writing dependency_links to build/person_detection_temi/person_detection_temi.egg-info/dependency_links.txt
[2.601s] writing entry points to build/person_detection_temi/person_detection_temi.egg-info/entry_points.txt
[2.662s] writing requirements to build/person_detection_temi/person_detection_temi.egg-info/requires.txt
[2.692s] writing top-level names to build/person_detection_temi/person_detection_temi.egg-info/top_level.txt
[2.807s] writing manifest file 'build/person_detection_temi/person_detection_temi.egg-info/SOURCES.txt'
[2.808s] running build
[2.808s] running build_py
[2.808s] copying person_detection_temi/submodules/SOD.py -> /home/enrique/vision_ws/src/person_detection_temi/build/person_detection_temi/build/lib/person_detection_temi/submodules
[2.816s] running install
[2.821s] running install_lib
[2.871s] copying /home/enrique/vision_ws/src/person_detection_temi/build/person_detection_temi/build/lib/person_detection_temi/submodules/SOD.py -> /home/enrique/vision_ws/src/person_detection_temi/install/person_detection_temi/lib/python3.10/site-packages/person_detection_temi/submodules
[2.875s] byte-compiling /home/enrique/vision_ws/src/person_detection_temi/install/person_detection_temi/lib/python3.10/site-packages/person_detection_temi/submodules/SOD.py to SOD.cpython-310.pyc
[2.878s] running install_data
[2.878s] running install_egg_info
[2.927s] removing '/home/enrique/vision_ws/src/person_detection_temi/install/person_detection_temi/lib/python3.10/site-packages/person_detection_temi-0.0.0-py3.10.egg-info' (and everything under it)
[2.927s] Copying build/person_detection_temi/person_detection_temi.egg-info to /home/enrique/vision_ws/src/person_detection_temi/install/person_detection_temi/lib/python3.10/site-packages/person_detection_temi-0.0.0-py3.10.egg-info
[2.927s] running install_scripts
[3.048s] Installing person_detection_node script to /home/enrique/vision_ws/src/person_detection_temi/install/person_detection_temi/lib/person_detection_temi
[3.051s] writing list of installed files to '/home/enrique/vision_ws/src/person_detection_temi/build/person_detection_temi/install.log'
[3.077s] Invoked command in '/home/enrique/vision_ws/src/person_detection_temi' returned '0': PYTHONPATH=/home/enrique/vision_ws/src/person_detection_temi/build/person_detection_temi/prefix_override:/usr/lib/python3/dist-packages/colcon_core/task/python/colcon_distutils_commands:/home/enrique/vision_ws/src/person_detection_temi/install/person_detection_temi/lib/python3.10/site-packages:${PYTHONPATH} /usr/bin/python3 -W ignore:setup.py install is deprecated setup.py egg_info --egg-base build/person_detection_temi build --build-base /home/enrique/vision_ws/src/person_detection_temi/build/person_detection_temi/build install --record /home/enrique/vision_ws/src/person_detection_temi/build/person_detection_temi/install.log --single-version-externally-managed install_data
